<?xml version="1.0" encoding="utf-8"?><testsuites name="pytest tests"><testsuite name="pytest" errors="0" failures="0" skipped="0" tests="16" time="36.516" timestamp="2026-04-25T07:23:25.360955+00:00" hostname="agent-env-1a5e9605-f213-4bbf-8130-e3aa6d7faf90"><testcase classname="backend.tests.backend_test.TestHealth" name="test_root" time="1.729" /><testcase classname="backend.tests.backend_test.TestValidation" name="test_analyze_too_short_returns_400" time="0.042" /><testcase classname="backend.tests.backend_test.TestValidation" name="test_analyze_invalid_check_type" time="0.044" /><testcase classname="backend.tests.backend_test.TestAnalyze" name="test_analyze_article" time="12.410" /><testcase classname="backend.tests.backend_test.TestAnalyze" name="test_analyze_product" time="8.208" /><testcase classname="backend.tests.backend_test.TestAnalyze" name="test_analyze_news" time="13.035" /><testcase classname="backend.tests.backend_test.TestListAndGet" name="test_list_checks" time="0.064" /><testcase classname="backend.tests.backend_test.TestListAndGet" name="test_get_check_by_id" time="0.045" /><testcase classname="backend.tests.backend_test.TestListAndGet" name="test_get_check_404" time="0.044" /><testcase classname="backend.tests.backend_test.TestFavorites" name="test_toggle_favorite_on" time="0.098" /><testcase classname="backend.tests.backend_test.TestFavorites" name="test_favorites_only_filter" time="0.043" /><testcase classname="backend.tests.backend_test.TestFavorites" name="test_toggle_favorite_off" time="0.042" /><testcase classname="backend.tests.backend_test.TestFavorites" name="test_toggle_favorite_404" time="0.063" /><testcase classname="backend.tests.backend_test.TestStats" name="test_stats_shape" time="0.044" /><testcase classname="backend.tests.backend_test.TestZDelete" name="test_delete_created_checks" time="0.296" /><testcase classname="backend.tests.backend_test.TestZDelete" name="test_delete_404" time="0.042" /></testsuite></testsuites>